<?xml version="1.0" encoding="UTF-8"?>
<!-- Generated by org.testng.reporters.JUnitXMLReporter -->
<testsuite hostname="Navin-PC" ignored="0" name="Default test" tests="6" failures="0" timestamp="09 Dec 2017 05:23:26 GMT" time="29.866" errors="0">
  <testcase name="ScenarioTest" time="14.651" classname="com.testscripts.LoginPageTest"/>
  <testcase name="loginTest" time="1.907" classname="com.testscripts.LoginPageTest"/>
  <testcase name="loginTest" time="1.315" classname="com.testscripts.LoginPageTest"/>
  <testcase name="loginTest" time="0.462" classname="com.testscripts.LoginPageTest">
    <skipped/>
  </testcase> <!-- loginTest -->
  <testcase name="loginTest" time="1.271" classname="com.testscripts.LoginPageTest"/>
  <testcase name="loginTest" time="1.263" classname="com.testscripts.LoginPageTest"/>
</testsuite> <!-- Default test -->
