<?xml version="1.0" encoding="UTF-8"?>
<testng-results skipped="1" failed="0" ignored="0" total="6" passed="5">
  <reporter-output>
  </reporter-output>
  <suite name="Default suite" duration-ms="30308" started-at="2017-12-09T05:48:32Z" finished-at="2017-12-09T05:49:02Z">
    <groups>
    </groups>
    <test name="Default test" duration-ms="30308" started-at="2017-12-09T05:48:32Z" finished-at="2017-12-09T05:49:02Z">
      <class name="com.testscripts.LoginPageTest">
        <test-method status="PASS" signature="init()[pri:0, instance:com.testscripts.LoginPageTest@c038203]" name="init" is-config="true" duration-ms="8338" started-at="2017-12-09T11:18:32Z" finished-at="2017-12-09T11:18:40Z">
          <reporter-output>
          </reporter-output>
        </test-method> <!-- init -->
        <test-method status="PASS" signature="ScenarioTest(java.util.Hashtable)[pri:0, instance:com.testscripts.LoginPageTest@c038203]" name="ScenarioTest" duration-ms="14824" started-at="2017-12-09T11:18:40Z" data-provider="getHomeData" finished-at="2017-12-09T11:18:55Z">
          <params>
            <param index="0">
              <value>
                <![CDATA[{TestCase=valid Login data, Min_Bid=1, SubTitle=navs_subbook, TCID=TC1, Runmode=Yes, UserName=surendra, Title=navs_book, Password=testing, Desc=book about selenium}]]>
              </value>
            </param>
          </params>
          <reporter-output>
          </reporter-output>
        </test-method> <!-- ScenarioTest -->
        <test-method status="PASS" signature="loginTest(java.util.Hashtable)[pri:0, instance:com.testscripts.LoginPageTest@c038203]" name="loginTest" duration-ms="1908" started-at="2017-12-09T11:18:55Z" data-provider="getLoginData" finished-at="2017-12-09T11:18:57Z">
          <params>
            <param index="0">
              <value>
                <![CDATA[{Details=test, TestCase=valid Login data, Password=testing, Runmode=Yes, UserName=surendra, TCID=TC1}]]>
              </value>
            </param>
          </params>
          <reporter-output>
          </reporter-output>
        </test-method> <!-- loginTest -->
        <test-method status="PASS" signature="loginTest(java.util.Hashtable)[pri:0, instance:com.testscripts.LoginPageTest@c038203]" name="loginTest" duration-ms="1241" started-at="2017-12-09T11:18:57Z" data-provider="getLoginData" finished-at="2017-12-09T11:18:58Z">
          <params>
            <param index="0">
              <value>
                <![CDATA[{Details=test, TestCase=invalid data, Password=sreelatha, Runmode=Yes, UserName=kiranmayeereddy, TCID=TC2}]]>
              </value>
            </param>
          </params>
          <reporter-output>
          </reporter-output>
        </test-method> <!-- loginTest -->
        <test-method status="SKIP" signature="loginTest(java.util.Hashtable)[pri:0, instance:com.testscripts.LoginPageTest@c038203]" name="loginTest" duration-ms="452" started-at="2017-12-09T11:18:58Z" data-provider="getLoginData" finished-at="2017-12-09T11:18:59Z">
          <params>
            <param index="0">
              <value>
                <![CDATA[{Details=test, TestCase=Null data, Password=, Runmode=No, UserName=, TCID=TC3}]]>
              </value>
            </param>
          </params>
          <exception class="org.testng.SkipException">
            <message>
              <![CDATA[Skipping the test case as rumode is set to false. TestcaseID:TC3]]>
            </message>
            <full-stacktrace>
              <![CDATA[org.testng.SkipException: Skipping the test case as rumode is set to false. TestcaseID:TC3
	at com.testscripts.LoginPageTest.loginTest(LoginPageTest.java:35)
	at sun.reflect.NativeMethodAccessorImpl.invoke0(Native Method)
	at sun.reflect.NativeMethodAccessorImpl.invoke(NativeMethodAccessorImpl.java:62)
	at sun.reflect.DelegatingMethodAccessorImpl.invoke(DelegatingMethodAccessorImpl.java:43)
	at java.lang.reflect.Method.invoke(Method.java:483)
	at org.testng.internal.MethodInvocationHelper.invokeMethod(MethodInvocationHelper.java:108)
	at org.testng.internal.Invoker.invokeMethod(Invoker.java:661)
	at org.testng.internal.Invoker.invokeTestMethod(Invoker.java:869)
	at org.testng.internal.Invoker.invokeTestMethods(Invoker.java:1193)
	at org.testng.internal.TestMethodWorker.invokeTestMethods(TestMethodWorker.java:126)
	at org.testng.internal.TestMethodWorker.run(TestMethodWorker.java:109)
	at org.testng.TestRunner.privateRun(TestRunner.java:744)
	at org.testng.TestRunner.run(TestRunner.java:602)
	at org.testng.SuiteRunner.runTest(SuiteRunner.java:380)
	at org.testng.SuiteRunner.runSequentially(SuiteRunner.java:375)
	at org.testng.SuiteRunner.privateRun(SuiteRunner.java:340)
	at org.testng.SuiteRunner.run(SuiteRunner.java:289)
	at org.testng.SuiteRunnerWorker.runSuite(SuiteRunnerWorker.java:52)
	at org.testng.SuiteRunnerWorker.run(SuiteRunnerWorker.java:86)
	at org.testng.TestNG.runSuitesSequentially(TestNG.java:1301)
	at org.testng.TestNG.runSuitesLocally(TestNG.java:1226)
	at org.testng.TestNG.runSuites(TestNG.java:1144)
	at org.testng.TestNG.run(TestNG.java:1115)
	at org.testng.remote.AbstractRemoteTestNG.run(AbstractRemoteTestNG.java:114)
	at org.testng.remote.RemoteTestNG.initAndRun(RemoteTestNG.java:251)
	at org.testng.remote.RemoteTestNG.main(RemoteTestNG.java:77)
]]>
            </full-stacktrace>
          </exception> <!-- org.testng.SkipException -->
          <reporter-output>
          </reporter-output>
        </test-method> <!-- loginTest -->
        <test-method status="PASS" signature="loginTest(java.util.Hashtable)[pri:0, instance:com.testscripts.LoginPageTest@c038203]" name="loginTest" duration-ms="1300" started-at="2017-12-09T11:18:59Z" data-provider="getLoginData" finished-at="2017-12-09T11:19:00Z">
          <params>
            <param index="0">
              <value>
                <![CDATA[{Details=test, TestCase=Null password, Password=, Runmode=Yes, UserName=kiranmayeereddy, TCID=TC4}]]>
              </value>
            </param>
          </params>
          <reporter-output>
          </reporter-output>
        </test-method> <!-- loginTest -->
        <test-method status="PASS" signature="loginTest(java.util.Hashtable)[pri:0, instance:com.testscripts.LoginPageTest@c038203]" name="loginTest" duration-ms="1256" started-at="2017-12-09T11:19:00Z" data-provider="getLoginData" finished-at="2017-12-09T11:19:01Z">
          <params>
            <param index="0">
              <value>
                <![CDATA[{Details=test, TestCase=Null username , Password=kiranmayee, Runmode=Yes, UserName=, TCID=TC5}]]>
              </value>
            </param>
          </params>
          <reporter-output>
          </reporter-output>
        </test-method> <!-- loginTest -->
        <test-method status="PASS" signature="tearDown()[pri:0, instance:com.testscripts.LoginPageTest@c038203]" name="tearDown" is-config="true" duration-ms="608" started-at="2017-12-09T11:19:01Z" finished-at="2017-12-09T11:19:02Z">
          <reporter-output>
          </reporter-output>
        </test-method> <!-- tearDown -->
      </class> <!-- com.testscripts.LoginPageTest -->
    </test> <!-- Default test -->
  </suite> <!-- Default suite -->
</testng-results>
