<?xml version="1.0" encoding="UTF-8"?>
<testng-results skipped="0" failed="0" total="2" passed="2">
  <reporter-output>
  </reporter-output>
  <suite name="Default suite" duration-ms="19438" started-at="2017-12-08T15:59:26Z" finished-at="2017-12-08T15:59:45Z">
    <groups>
    </groups>
    <test name="Default test" duration-ms="19438" started-at="2017-12-08T15:59:26Z" finished-at="2017-12-08T15:59:45Z">
      <class name="com.maven.selenium.SecondTest">
        <test-method status="PASS" signature="test1()[pri:0, instance:com.maven.selenium.SecondTest@7ac7a4e4]" name="test1" duration-ms="10815" started-at="2017-12-08T21:29:26Z" finished-at="2017-12-08T21:29:36Z">
          <reporter-output>
          </reporter-output>
        </test-method> <!-- test1 -->
        <test-method status="PASS" signature="test2()[pri:0, instance:com.maven.selenium.SecondTest@7ac7a4e4]" name="test2" duration-ms="8586" started-at="2017-12-08T21:29:36Z" finished-at="2017-12-08T21:29:45Z">
          <reporter-output>
          </reporter-output>
        </test-method> <!-- test2 -->
      </class> <!-- com.maven.selenium.SecondTest -->
    </test> <!-- Default test -->
  </suite> <!-- Default suite -->
</testng-results>
